# JRE version: OpenJDK Runtime Environment (11.0.10) (build 11.0.10+0-b96-7249189)
# Java VM: OpenJDK 64-Bit Server VM (11.0.10+0-b96-7249189, mixed mode, tiered, compressed oops, g1 gc, windows-amd64)
Heap:
 garbage-first heap   total 414720K, used 173581K [0x0000000080000000, 0x0000000100000000)
  region size 1024K, 22 young (22528K), 9 survivors (9216K)
 Metaspace       used 104626K, capacity 107087K, committed 107340K, reserved 1142784K
  class space    used 13391K, capacity 14336K, committed 14412K, reserved 1048576K
GC Heap History (20 events):
Event: 40.230 GC heap before
{Heap before GC invocations=36 (full 0):
 garbage-first heap   total 189440K, used 150770K [0x0000000080000000, 0x0000000100000000)
  region size 1024K, 31 young (31744K), 2 survivors (2048K)
 Metaspace       used 98130K, capacity 100325K, committed 100428K, reserved 1136640K
  class space    used 12539K, capacity 13341K, committed 13388K, reserved 1048576K
}
Event: 40.245 GC heap after
{Heap after GC invocations=37 (full 0):
 garbage-first heap   total 189440K, used 127792K [0x0000000080000000, 0x0000000100000000)
  region size 1024K, 4 young (4096K), 4 survivors (4096K)
 Metaspace       used 98130K, capacity 100325K, committed 100428K, reserved 1136640K
  class space    used 12539K, capacity 13341K, committed 13388K, reserved 1048576K
}
Event: 40.612 GC heap before
{Heap before GC invocations=37 (full 0):
 garbage-first heap   total 189440K, used 154416K [0x0000000080000000, 0x0000000100000000)
  region size 1024K, 30 young (30720K), 4 survivors (4096K)
 Metaspace       used 98744K, capacity 100980K, committed 101068K, reserved 1136640K
  class space    used 12626K, capacity 13479K, committed 13516K, reserved 1048576K
}
Event: 40.633 GC heap after
{Heap after GC invocations=38 (full 0):
 garbage-first heap   total 227328K, used 132394K [0x0000000080000000, 0x0000000100000000)
  region size 1024K, 4 young (4096K), 4 survivors (4096K)
 Metaspace       used 98744K, capacity 100980K, committed 101068K, reserved 1136640K
  class space    used 12626K, capacity 13479K, committed 13516K, reserved 1048576K
}
Event: 41.428 GC heap before
{Heap before GC invocations=39 (full 0):
 garbage-first heap   total 227328K, used 174378K [0x0000000080000000, 0x0000000100000000)
  region size 1024K, 45 young (46080K), 4 survivors (4096K)
 Metaspace       used 98918K, capacity 101130K, committed 101324K, reserved 1136640K
  class space    used 12651K, capacity 13484K, committed 13516K, reserved 1048576K
}
Event: 41.452 GC heap after
{Heap after GC invocations=40 (full 0):
 garbage-first heap   total 227328K, used 140042K [0x0000000080000000, 0x0000000100000000)
  region size 1024K, 6 young (6144K), 6 survivors (6144K)
 Metaspace       used 98918K, capacity 101130K, committed 101324K, reserved 1136640K
  class space    used 12651K, capacity 13484K, committed 13516K, reserved 1048576K
}
Event: 41.615 GC heap before
{Heap before GC invocations=40 (full 0):
 garbage-first heap   total 227328K, used 179978K [0x0000000080000000, 0x0000000100000000)
  region size 1024K, 45 young (46080K), 6 survivors (6144K)
 Metaspace       used 99119K, capacity 101415K, committed 101708K, reserved 1136640K
  class space    used 12693K, capacity 13558K, committed 13644K, reserved 1048576K
}
Event: 41.640 GC heap after
{Heap after GC invocations=41 (full 0):
 garbage-first heap   total 227328K, used 147396K [0x0000000080000000, 0x0000000100000000)
  region size 1024K, 6 young (6144K), 6 survivors (6144K)
 Metaspace       used 99119K, capacity 101415K, committed 101708K, reserved 1136640K
  class space    used 12693K, capacity 13558K, committed 13644K, reserved 1048576K
}
Event: 42.689 GC heap before
{Heap before GC invocations=41 (full 0):
 garbage-first heap   total 227328K, used 184260K [0x0000000080000000, 0x0000000100000000)
  region size 1024K, 42 young (43008K), 6 survivors (6144K)
 Metaspace       used 102392K, capacity 104793K, committed 105036K, reserved 1140736K
  class space    used 13231K, capacity 14146K, committed 14156K, reserved 1048576K
}
Event: 42.711 GC heap after
{Heap after GC invocations=42 (full 0):
 garbage-first heap   total 227328K, used 152066K [0x0000000080000000, 0x0000000100000000)
  region size 1024K, 4 young (4096K), 4 survivors (4096K)
 Metaspace       used 102392K, capacity 104793K, committed 105036K, reserved 1140736K
  class space    used 13231K, capacity 14146K, committed 14156K, reserved 1048576K
}
Event: 43.591 GC heap before
{Heap before GC invocations=42 (full 0):
 garbage-first heap   total 227328K, used 186882K [0x0000000080000000, 0x0000000100000000)
  region size 1024K, 38 young (38912K), 4 survivors (4096K)
 Metaspace       used 103262K, capacity 105677K, committed 105932K, reserved 1140736K
  class space    used 13302K, capacity 14221K, committed 14284K, reserved 1048576K
}
Event: 43.611 GC heap after
{Heap after GC invocations=43 (full 0):
 garbage-first heap   total 345088K, used 153388K [0x0000000080000000, 0x0000000100000000)
  region size 1024K, 2 young (2048K), 2 survivors (2048K)
 Metaspace       used 103262K, capacity 105677K, committed 105932K, reserved 1140736K
  class space    used 13302K, capacity 14221K, committed 14284K, reserved 1048576K
}
Event: 47.202 GC heap before
{Heap before GC invocations=43 (full 0):
 garbage-first heap   total 345088K, used 229164K [0x0000000080000000, 0x0000000100000000)
  region size 1024K, 76 young (77824K), 2 survivors (2048K)
 Metaspace       used 104041K, capacity 106430K, committed 106700K, reserved 1142784K
  class space    used 13324K, capacity 14227K, committed 14284K, reserved 1048576K
}
Event: 47.242 GC heap after
{Heap after GC invocations=44 (full 0):
 garbage-first heap   total 345088K, used 156046K [0x0000000080000000, 0x0000000100000000)
  region size 1024K, 5 young (5120K), 5 survivors (5120K)
 Metaspace       used 104041K, capacity 106430K, committed 106700K, reserved 1142784K
  class space    used 13324K, capacity 14227K, committed 14284K, reserved 1048576K
}
Event: 50.192 GC heap before
{Heap before GC invocations=44 (full 0):
 garbage-first heap   total 345088K, used 236942K [0x0000000080000000, 0x0000000100000000)
  region size 1024K, 84 young (86016K), 5 survivors (5120K)
 Metaspace       used 104270K, capacity 106685K, committed 106956K, reserved 1142784K
  class space    used 13348K, capacity 14267K, committed 14284K, reserved 1048576K
}
Event: 50.223 GC heap after
{Heap after GC invocations=45 (full 0):
 garbage-first heap   total 345088K, used 156847K [0x0000000080000000, 0x0000000100000000)
  region size 1024K, 6 young (6144K), 6 survivors (6144K)
 Metaspace       used 104270K, capacity 106685K, committed 106956K, reserved 1142784K
  class space    used 13348K, capacity 14267K, committed 14284K, reserved 1048576K
}
Event: 50.833 GC heap before
{Heap before GC invocations=45 (full 0):
 garbage-first heap   total 345088K, used 254127K [0x0000000080000000, 0x0000000100000000)
  region size 1024K, 101 young (103424K), 6 survivors (6144K)
 Metaspace       used 104308K, capacity 106752K, committed 106956K, reserved 1142784K
  class space    used 13348K, capacity 14267K, committed 14284K, reserved 1048576K
}
Event: 50.868 GC heap after
{Heap after GC invocations=46 (full 0):
 garbage-first heap   total 345088K, used 159164K [0x0000000080000000, 0x0000000100000000)
  region size 1024K, 8 young (8192K), 8 survivors (8192K)
 Metaspace       used 104308K, capacity 106752K, committed 106956K, reserved 1142784K
  class space    used 13348K, capacity 14267K, committed 14284K, reserved 1048576K
}
Event: 51.777 GC heap before
{Heap before GC invocations=46 (full 0):
 garbage-first heap   total 345088K, used 264636K [0x0000000080000000, 0x0000000100000000)
  region size 1024K, 111 young (113664K), 8 survivors (8192K)
 Metaspace       used 104569K, capacity 107018K, committed 107340K, reserved 1142784K
  class space    used 13380K, capacity 14292K, committed 14412K, reserved 1048576K
}
Event: 51.984 GC heap after
{Heap after GC invocations=47 (full 0):
 garbage-first heap   total 414720K, used 161293K [0x0000000080000000, 0x0000000100000000)
  region size 1024K, 9 young (9216K), 9 survivors (9216K)
 Metaspace       used 104569K, capacity 107018K, committed 107340K, reserved 1142784K
  class space    used 13380K, capacity 14292K, committed 14412K, reserved 1048576K
}

