# JRE version: OpenJDK Runtime Environment (11.0.10) (build 11.0.10+0-b96-7249189)
# Java VM: OpenJDK 64-Bit Server VM (11.0.10+0-b96-7249189, mixed mode, tiered, compressed oops, g1 gc, windows-amd64)
Heap:
 garbage-first heap   total 761856K, used 193095K [0x0000000080000000, 0x0000000100000000)
  region size 1024K, 4 young (4096K), 4 survivors (4096K)
 Metaspace       used 177699K, capacity 182577K, committed 183420K, reserved 1210368K
  class space    used 21141K, capacity 22845K, committed 23068K, reserved 1048576K
GC Heap History (20 events):
Event: 12264.497 GC heap after
{Heap after GC invocations=206 (full 1):
 garbage-first heap   total 427008K, used 149481K [0x0000000080000000, 0x0000000100000000)
  region size 1024K, 3 young (3072K), 3 survivors (3072K)
 Metaspace       used 177330K, capacity 182154K, committed 182908K, reserved 1210368K
  class space    used 21103K, capacity 22812K, committed 23068K, reserved 1048576K
}
Event: 12267.052 GC heap before
{Heap before GC invocations=206 (full 1):
 garbage-first heap   total 427008K, used 212969K [0x0000000080000000, 0x0000000100000000)
  region size 1024K, 66 young (67584K), 3 survivors (3072K)
 Metaspace       used 177460K, capacity 182330K, committed 183164K, reserved 1210368K
  class space    used 21116K, capacity 22828K, committed 23068K, reserved 1048576K
}
Event: 12267.112 GC heap after
{Heap after GC invocations=207 (full 1):
 garbage-first heap   total 427008K, used 157519K [0x0000000080000000, 0x0000000100000000)
  region size 1024K, 9 young (9216K), 9 survivors (9216K)
 Metaspace       used 177460K, capacity 182330K, committed 183164K, reserved 1210368K
  class space    used 21116K, capacity 22828K, committed 23068K, reserved 1048576K
}
Event: 12267.360 GC heap before
{Heap before GC invocations=207 (full 1):
 garbage-first heap   total 427008K, used 185167K [0x0000000080000000, 0x0000000100000000)
  region size 1024K, 38 young (38912K), 9 survivors (9216K)
 Metaspace       used 177461K, capacity 182330K, committed 183164K, reserved 1210368K
  class space    used 21116K, capacity 22828K, committed 23068K, reserved 1048576K
}
Event: 12267.393 GC heap after
{Heap after GC invocations=208 (full 1):
 garbage-first heap   total 427008K, used 164130K [0x0000000080000000, 0x0000000100000000)
  region size 1024K, 5 young (5120K), 5 survivors (5120K)
 Metaspace       used 177461K, capacity 182330K, committed 183164K, reserved 1210368K
  class space    used 21116K, capacity 22828K, committed 23068K, reserved 1048576K
}
Event: 12267.451 GC heap before
{Heap before GC invocations=208 (full 1):
 garbage-first heap   total 427008K, used 178466K [0x0000000080000000, 0x0000000100000000)
  region size 1024K, 20 young (20480K), 5 survivors (5120K)
 Metaspace       used 177479K, capacity 182330K, committed 183164K, reserved 1210368K
  class space    used 21117K, capacity 22828K, committed 23068K, reserved 1048576K
}
Event: 12267.484 GC heap after
{Heap after GC invocations=209 (full 1):
 garbage-first heap   total 427008K, used 166726K [0x0000000080000000, 0x0000000100000000)
  region size 1024K, 3 young (3072K), 3 survivors (3072K)
 Metaspace       used 177479K, capacity 182330K, committed 183164K, reserved 1210368K
  class space    used 21117K, capacity 22828K, committed 23068K, reserved 1048576K
}
Event: 12267.632 GC heap before
{Heap before GC invocations=209 (full 1):
 garbage-first heap   total 427008K, used 184134K [0x0000000080000000, 0x0000000100000000)
  region size 1024K, 20 young (20480K), 3 survivors (3072K)
 Metaspace       used 177561K, capacity 182406K, committed 183164K, reserved 1210368K
  class space    used 21126K, capacity 22832K, committed 23068K, reserved 1048576K
}
Event: 12267.643 GC heap after
{Heap after GC invocations=210 (full 1):
 garbage-first heap   total 427008K, used 168590K [0x0000000080000000, 0x0000000100000000)
  region size 1024K, 3 young (3072K), 3 survivors (3072K)
 Metaspace       used 177561K, capacity 182406K, committed 183164K, reserved 1210368K
  class space    used 21126K, capacity 22832K, committed 23068K, reserved 1048576K
}
Event: 12268.154 GC heap before
{Heap before GC invocations=211 (full 1):
 garbage-first heap   total 427008K, used 199310K [0x0000000080000000, 0x0000000100000000)
  region size 1024K, 33 young (33792K), 3 survivors (3072K)
 Metaspace       used 177680K, capacity 182508K, committed 183164K, reserved 1210368K
  class space    used 21140K, capacity 22844K, committed 23068K, reserved 1048576K
}
Event: 12268.178 GC heap after
{Heap after GC invocations=212 (full 1):
 garbage-first heap   total 427008K, used 174285K [0x0000000080000000, 0x0000000100000000)
  region size 1024K, 5 young (5120K), 5 survivors (5120K)
 Metaspace       used 177680K, capacity 182508K, committed 183164K, reserved 1210368K
  class space    used 21140K, capacity 22844K, committed 23068K, reserved 1048576K
}
Event: 12268.467 GC heap before
{Heap before GC invocations=212 (full 1):
 garbage-first heap   total 427008K, used 193741K [0x0000000080000000, 0x0000000100000000)
  region size 1024K, 25 young (25600K), 5 survivors (5120K)
 Metaspace       used 177680K, capacity 182508K, committed 183164K, reserved 1210368K
  class space    used 21140K, capacity 22844K, committed 23068K, reserved 1048576K
}
Event: 12268.529 GC heap after
{Heap after GC invocations=213 (full 1):
 garbage-first heap   total 427008K, used 178152K [0x0000000080000000, 0x0000000100000000)
  region size 1024K, 4 young (4096K), 4 survivors (4096K)
 Metaspace       used 177680K, capacity 182508K, committed 183164K, reserved 1210368K
  class space    used 21140K, capacity 22844K, committed 23068K, reserved 1048576K
}
Event: 12270.667 GC heap before
{Heap before GC invocations=213 (full 1):
 garbage-first heap   total 427008K, used 275432K [0x0000000080000000, 0x0000000100000000)
  region size 1024K, 100 young (102400K), 4 survivors (4096K)
 Metaspace       used 177692K, capacity 182571K, committed 183420K, reserved 1210368K
  class space    used 21139K, capacity 22843K, committed 23068K, reserved 1048576K
}
Event: 12270.829 GC heap after
{Heap after GC invocations=214 (full 1):
 garbage-first heap   total 427008K, used 191159K [0x0000000080000000, 0x0000000100000000)
  region size 1024K, 13 young (13312K), 13 survivors (13312K)
 Metaspace       used 177692K, capacity 182571K, committed 183420K, reserved 1210368K
  class space    used 21139K, capacity 22843K, committed 23068K, reserved 1048576K
}
Event: 12271.935 GC heap before
{Heap before GC invocations=215 (full 1):
 garbage-first heap   total 427008K, used 207543K [0x0000000080000000, 0x0000000100000000)
  region size 1024K, 29 young (29696K), 13 survivors (13312K)
 Metaspace       used 177694K, capacity 182571K, committed 183420K, reserved 1210368K
  class space    used 21140K, capacity 22843K, committed 23068K, reserved 1048576K
}
Event: 12272.111 GC heap after
{Heap after GC invocations=216 (full 1):
 garbage-first heap   total 427008K, used 193495K [0x0000000080000000, 0x0000000100000000)
  region size 1024K, 2 young (2048K), 2 survivors (2048K)
 Metaspace       used 177694K, capacity 182571K, committed 183420K, reserved 1210368K
  class space    used 21140K, capacity 22843K, committed 23068K, reserved 1048576K
}
Event: 12272.332 GC heap before
{Heap before GC invocations=216 (full 1):
 garbage-first heap   total 427008K, used 211927K [0x0000000080000000, 0x0000000100000000)
  region size 1024K, 20 young (20480K), 2 survivors (2048K)
 Metaspace       used 177694K, capacity 182571K, committed 183420K, reserved 1210368K
  class space    used 21140K, capacity 22843K, committed 23068K, reserved 1048576K
}
Event: 12272.432 GC heap after
{Heap after GC invocations=217 (full 1):
 garbage-first heap   total 427008K, used 191580K [0x0000000080000000, 0x0000000100000000)
  region size 1024K, 3 young (3072K), 3 survivors (3072K)
 Metaspace       used 177694K, capacity 182571K, committed 183420K, reserved 1210368K
  class space    used 21140K, capacity 22843K, committed 23068K, reserved 1048576K
}
Event: 12272.967 GC heap before
{Heap before GC invocations=217 (full 1):
 garbage-first heap   total 427008K, used 216156K [0x0000000080000000, 0x0000000100000000)
  region size 1024K, 27 young (27648K), 3 survivors (3072K)
 Metaspace       used 177699K, capacity 182577K, committed 183420K, reserved 1210368K
  class space    used 21141K, capacity 22845K, committed 23068K, reserved 1048576K
}

