# JRE version: OpenJDK Runtime Environment (11.0.10) (build 11.0.10+0-b96-7249189)
# Java VM: OpenJDK 64-Bit Server VM (11.0.10+0-b96-7249189, mixed mode, tiered, compressed oops, g1 gc, windows-amd64)
Heap:
 garbage-first heap   total 606208K, used 224427K [0x0000000080000000, 0x0000000100000000)
  region size 1024K, 19 young (19456K), 19 survivors (19456K)
 Metaspace       used 107384K, capacity 110150K, committed 110284K, reserved 1144832K
  class space    used 13691K, capacity 14745K, committed 14796K, reserved 1048576K
GC Heap History (20 events):
Event: 75.192 GC heap after
{Heap after GC invocations=63 (full 0):
 garbage-first heap   total 406528K, used 204990K [0x0000000080000000, 0x0000000100000000)
  region size 1024K, 5 young (5120K), 5 survivors (5120K)
 Metaspace       used 106384K, capacity 109008K, committed 109132K, reserved 1144832K
  class space    used 13594K, capacity 14604K, committed 14668K, reserved 1048576K
}
Event: 75.936 GC heap before
{Heap before GC invocations=63 (full 0):
 garbage-first heap   total 406528K, used 341182K [0x0000000080000000, 0x0000000100000000)
  region size 1024K, 138 young (141312K), 5 survivors (5120K)
 Metaspace       used 106399K, capacity 109009K, committed 109132K, reserved 1144832K
  class space    used 13594K, capacity 14604K, committed 14668K, reserved 1048576K
}
Event: 75.952 GC heap after
{Heap after GC invocations=64 (full 0):
 garbage-first heap   total 406528K, used 205837K [0x0000000080000000, 0x0000000100000000)
  region size 1024K, 6 young (6144K), 6 survivors (6144K)
 Metaspace       used 106399K, capacity 109009K, committed 109132K, reserved 1144832K
  class space    used 13594K, capacity 14604K, committed 14668K, reserved 1048576K
}
Event: 76.672 GC heap before
{Heap before GC invocations=64 (full 0):
 garbage-first heap   total 406528K, used 344077K [0x0000000080000000, 0x0000000100000000)
  region size 1024K, 141 young (144384K), 6 survivors (6144K)
 Metaspace       used 106415K, capacity 109073K, committed 109388K, reserved 1144832K
  class space    used 13595K, capacity 14604K, committed 14668K, reserved 1048576K
}
Event: 76.691 GC heap after
{Heap after GC invocations=65 (full 0):
 garbage-first heap   total 406528K, used 206462K [0x0000000080000000, 0x0000000100000000)
  region size 1024K, 7 young (7168K), 7 survivors (7168K)
 Metaspace       used 106415K, capacity 109073K, committed 109388K, reserved 1144832K
  class space    used 13595K, capacity 14604K, committed 14668K, reserved 1048576K
}
Event: 77.420 GC heap before
{Heap before GC invocations=65 (full 0):
 garbage-first heap   total 406528K, used 347774K [0x0000000080000000, 0x0000000100000000)
  region size 1024K, 145 young (148480K), 7 survivors (7168K)
 Metaspace       used 106439K, capacity 109084K, committed 109388K, reserved 1144832K
  class space    used 13596K, capacity 14607K, committed 14668K, reserved 1048576K
}
Event: 77.439 GC heap after
{Heap after GC invocations=66 (full 0):
 garbage-first heap   total 406528K, used 208104K [0x0000000080000000, 0x0000000100000000)
  region size 1024K, 8 young (8192K), 8 survivors (8192K)
 Metaspace       used 106439K, capacity 109084K, committed 109388K, reserved 1144832K
  class space    used 13596K, capacity 14607K, committed 14668K, reserved 1048576K
}
Event: 78.211 GC heap before
{Heap before GC invocations=66 (full 0):
 garbage-first heap   total 406528K, used 350440K [0x0000000080000000, 0x0000000100000000)
  region size 1024K, 147 young (150528K), 8 survivors (8192K)
 Metaspace       used 106451K, capacity 109086K, committed 109388K, reserved 1144832K
  class space    used 13597K, capacity 14608K, committed 14668K, reserved 1048576K
}
Event: 78.236 GC heap after
{Heap after GC invocations=67 (full 0):
 garbage-first heap   total 406528K, used 209283K [0x0000000080000000, 0x0000000100000000)
  region size 1024K, 9 young (9216K), 9 survivors (9216K)
 Metaspace       used 106451K, capacity 109086K, committed 109388K, reserved 1144832K
  class space    used 13597K, capacity 14608K, committed 14668K, reserved 1048576K
}
Event: 79.105 GC heap before
{Heap before GC invocations=67 (full 0):
 garbage-first heap   total 406528K, used 351619K [0x0000000080000000, 0x0000000100000000)
  region size 1024K, 148 young (151552K), 9 survivors (9216K)
 Metaspace       used 106458K, capacity 109086K, committed 109388K, reserved 1144832K
  class space    used 13597K, capacity 14608K, committed 14668K, reserved 1048576K
}
Event: 79.147 GC heap after
{Heap after GC invocations=68 (full 0):
 garbage-first heap   total 487424K, used 211125K [0x0000000080000000, 0x0000000100000000)
  region size 1024K, 11 young (11264K), 11 survivors (11264K)
 Metaspace       used 106458K, capacity 109086K, committed 109388K, reserved 1144832K
  class space    used 13597K, capacity 14608K, committed 14668K, reserved 1048576K
}
Event: 82.084 GC heap before
{Heap before GC invocations=68 (full 0):
 garbage-first heap   total 487424K, used 382133K [0x0000000080000000, 0x0000000100000000)
  region size 1024K, 178 young (182272K), 11 survivors (11264K)
 Metaspace       used 106738K, capacity 109430K, committed 109644K, reserved 1144832K
  class space    used 13637K, capacity 14658K, committed 14668K, reserved 1048576K
}
Event: 82.196 GC heap after
{Heap after GC invocations=69 (full 0):
 garbage-first heap   total 487424K, used 213303K [0x0000000080000000, 0x0000000100000000)
  region size 1024K, 13 young (13312K), 13 survivors (13312K)
 Metaspace       used 106738K, capacity 109430K, committed 109644K, reserved 1144832K
  class space    used 13637K, capacity 14658K, committed 14668K, reserved 1048576K
}
Event: 83.898 GC heap before
{Heap before GC invocations=69 (full 0):
 garbage-first heap   total 487424K, used 405815K [0x0000000080000000, 0x0000000100000000)
  region size 1024K, 201 young (205824K), 13 survivors (13312K)
 Metaspace       used 106747K, capacity 109436K, committed 109644K, reserved 1144832K
  class space    used 13639K, capacity 14660K, committed 14668K, reserved 1048576K
}
Event: 83.935 GC heap after
{Heap after GC invocations=70 (full 0):
 garbage-first heap   total 487424K, used 213379K [0x0000000080000000, 0x0000000100000000)
  region size 1024K, 13 young (13312K), 13 survivors (13312K)
 Metaspace       used 106747K, capacity 109436K, committed 109644K, reserved 1144832K
  class space    used 13639K, capacity 14660K, committed 14668K, reserved 1048576K
}
Event: 85.336 GC heap before
{Heap before GC invocations=70 (full 0):
 garbage-first heap   total 487424K, used 424323K [0x0000000080000000, 0x0000000100000000)
  region size 1024K, 219 young (224256K), 13 survivors (13312K)
 Metaspace       used 107076K, capacity 109827K, committed 110028K, reserved 1144832K
  class space    used 13690K, capacity 14743K, committed 14796K, reserved 1048576K
}
Event: 85.386 GC heap after
{Heap after GC invocations=71 (full 0):
 garbage-first heap   total 487424K, used 215427K [0x0000000080000000, 0x0000000100000000)
  region size 1024K, 15 young (15360K), 15 survivors (15360K)
 Metaspace       used 107076K, capacity 109827K, committed 110028K, reserved 1144832K
  class space    used 13690K, capacity 14743K, committed 14796K, reserved 1048576K
}
Event: 86.918 GC heap before
{Heap before GC invocations=71 (full 0):
 garbage-first heap   total 487424K, used 423299K [0x0000000080000000, 0x0000000100000000)
  region size 1024K, 217 young (222208K), 15 survivors (15360K)
 Metaspace       used 107305K, capacity 110079K, committed 110284K, reserved 1144832K
  class space    used 13691K, capacity 14745K, committed 14796K, reserved 1048576K
}
Event: 86.986 GC heap after
{Heap after GC invocations=72 (full 0):
 garbage-first heap   total 487424K, used 220707K [0x0000000080000000, 0x0000000100000000)
  region size 1024K, 19 young (19456K), 19 survivors (19456K)
 Metaspace       used 107305K, capacity 110079K, committed 110284K, reserved 1144832K
  class space    used 13691K, capacity 14745K, committed 14796K, reserved 1048576K
}
Event: 89.064 GC heap before
{Heap before GC invocations=72 (full 0):
 garbage-first heap   total 487424K, used 419363K [0x0000000080000000, 0x0000000100000000)
  region size 1024K, 212 young (217088K), 19 survivors (19456K)
 Metaspace       used 107384K, capacity 110150K, committed 110284K, reserved 1144832K
  class space    used 13691K, capacity 14745K, committed 14796K, reserved 1048576K
}

